/index.html,,Fri Dec  2 12:07:56 2016,Fri Dec  2 12:07:56 2016,2;
dijkstra.html,,Fri Dec  2 12:09:20 2016,Fri Dec  2 12:09:20 2016,4;
index.html,,Fri Dec  2 12:09:46 2016,Fri Dec  2 12:09:46 2016,0;
/dijkstra.html,,Fri Dec  2 12:10:04 2016,Fri Dec  2 12:10:04 2016,2;
index.html,,Wed Dec  7 22:42:29 2016,Wed Dec  7 22:42:29 2016,1;
favicon.ico,,Wed Dec  7 22:42:29 2016,Wed Dec  7 22:42:29 2016,3;
favicon.ico,,Wed Dec  7 22:42:29 2016,Wed Dec  7 22:42:29 2016,2;
dijkstra.html,,Wed Dec  7 22:42:44 2016,Wed Dec  7 22:42:44 2016,4;
dijkstra.html,,Fri Dec  9 12:02:31 2016,Fri Dec  9 12:02:31 2016,2;
dijkstra.html,,Fri Dec  9 12:03:41 2016,Fri Dec  9 12:03:41 2016,3;
index.html,,Fri Dec  9 12:03:59 2016,Fri Dec  9 12:03:59 2016,4;
dijkstra.html,,Fri Dec  9 12:03:41 2016,Fri Dec  9 12:03:41 2016,3;dijkstra.html,,Fri Dec  9 12:04:07 2016,Fri Dec  9 12:04:07 2016,3;
index.html,,Fri Dec  9 12:03:59 2016,Fri Dec  9 12:03:59 2016,4;dijkstra.html,,Fri Dec  9 12:04:11 2016,Fri Dec  9 12:04:11 2016,4;
dijkstra.html,,Fri Dec  9 12:04:13 2016,Fri Dec  9 12:04:13 2016,1;
dijkstra.html,,Fri Dec  9 12:09:57 2016,Fri Dec  9 12:09:57 2016,0;
estatico,dijkstra.html,Sat Dec 10 10:38:29 2016,Sat Dec 10 10:38:29 2016;
estatico,index.html,Sat Dec 10 11:23:10 2016,Sat Dec 10 11:23:10 2016;
estatico,favicon.ico,Sat Dec 10 11:23:10 2016,Sat Dec 10 11:23:10 2016;
estatico,favicon.ico,Sat Dec 10 11:23:10 2016,Sat Dec 10 11:23:10 2016;estatico,favicon.ico,Sat Dec 10 11:23:10 2016,Sat Dec 10 11:23:10 2016;
estatico,index.html,Sat Dec 10 11:23:12 2016,Sat Dec 10 11:23:12 2016;
estatico,favicon.ico,Sat Dec 10 11:23:10 2016,Sat Dec 10 11:23:10 2016;estatico,favicon.ico,Sat Dec 10 11:23:10 2016,Sat Dec 10 11:23:10 2016;estatico,index.html,Sat Dec 10 11:23:13 2016,Sat Dec 10 11:23:13 2016;
estatico,index.html,Sat Dec 10 11:23:10 2016,Sat Dec 10 11:23:10 2016;estatico,index.html,Sat Dec 10 11:23:14 2016,Sat Dec 10 11:23:14 2016;
estatico,index.html,Sat Dec 10 11:24:14 2016,Sat Dec 10 11:24:14 2016;
estatico,index.html,Sat Dec 10 11:24:15 2016,Sat Dec 10 11:24:15 2016;
estatico,index.html,Sat Dec 10 11:24:15 2016,Sat Dec 10 11:24:15 2016;estatico,index.html,Sat Dec 10 11:24:16 2016,Sat Dec 10 11:24:16 2016;
estatico,index.html,Sat Dec 10 11:24:17 2016,Sat Dec 10 11:24:17 2016;
estatico,index.html,Sat Dec 10 11:24:15 2016,Sat Dec 10 11:24:15 2016;estatico,index.html,Sat Dec 10 11:24:16 2016,Sat Dec 10 11:24:16 2016;estatico,index.html,Sat Dec 10 11:24:18 2016,Sat Dec 10 11:24:18 2016;
estatico,index.html,Sat Dec 10 11:30:32 2016,Sat Dec 10 11:30:32 2016;
estatico,index.html,Sat Dec 10 11:30:32 2016,Sat Dec 10 11:30:32 2016;estatico,index.html,Sat Dec 10 11:30:33 2016,Sat Dec 10 11:30:33 2016;
estatico,index.html,Sat Dec 10 11:30:34 2016,Sat Dec 10 11:30:34 2016;
estatico,index.html,Sat Dec 10 11:30:34 2016,Sat Dec 10 11:30:34 2016;estatico,index.html,Sat Dec 10 11:30:35 2016,Sat Dec 10 11:30:35 2016;
estatico,index.html,Sat Dec 10 11:30:41 2016,Sat Dec 10 11:30:41 2016;
estatico,index.html,Sat Dec 10 11:30:44 2016,Sat Dec 10 11:30:44 2016;
estatico,index.html,Sat Dec 10 11:31:44 2016,Sat Dec 10 11:31:44 2016;
estatico,index.html,Sat Dec 10 11:31:59 2016,Sat Dec 10 11:31:59 2016;
estatico,index.html,Sat Dec 10 11:34:47 2016,Sat Dec 10 11:34:47 2016;
estatico,favicon.ico,Sat Dec 10 11:34:47 2016,Sat Dec 10 11:34:47 2016;
estatico,favicon.ico,Sat Dec 10 11:34:47 2016,Sat Dec 10 11:34:47 2016;
estatico,favicon.ico,Sat Dec 10 11:34:47 2016,Sat Dec 10 11:34:47 2016;estatico,index.html,Sat Dec 10 11:34:53 2016,Sat Dec 10 11:34:53 2016;
estatico,index.html,Sat Dec 10 11:34:54 2016,Sat Dec 10 11:34:54 2016;
estatico,index.html,Sat Dec 10 11:36:28 2016,Sat Dec 10 11:36:28 2016;
estatico,index.html,Sat Dec 10 11:36:28 2016,Sat Dec 10 11:36:28 2016;
estatico,index.html,Sat Dec 10 11:36:28 2016,Sat Dec 10 11:36:29 2016;
estatico,index.html,Sat Dec 10 11:36:29 2016,Sat Dec 10 11:36:29 2016;
estatico,index.html,Sat Dec 10 11:36:28 2016,Sat Dec 10 11:36:28 2016;estatico,index.html,Sat Dec 10 11:36:29 2016,Sat Dec 10 11:36:29 2016;
estatico,index.html,Sat Dec 10 11:36:28 2016,Sat Dec 10 11:36:28 2016;estatico,index.html,Sat Dec 10 11:36:29 2016,Sat Dec 10 11:36:29 2016;
estatico,index.html,Sat Dec 10 11:36:28 2016,Sat Dec 10 11:36:28 2016;estatico,index.html,Sat Dec 10 11:36:29 2016,Sat Dec 10 11:36:29 2016;estatico,index.html,Sat Dec 10 11:36:29 2016,Sat Dec 10 11:36:29 2016;
estatico,index.html,Sat Dec 10 11:36:28 2016,Sat Dec 10 11:36:28 2016;estatico,index.html,Sat Dec 10 11:36:29 2016,Sat Dec 10 11:36:29 2016;estatico,index.html,Sat Dec 10 11:36:29 2016,Sat Dec 10 11:36:29 2016;
estatico,index.html,Sat Dec 10 11:36:28 2016,Sat Dec 10 11:36:28 2016;estatico,index.html,Sat Dec 10 11:36:29 2016,Sat Dec 10 11:36:29 2016;estatico,index.html,Sat Dec 10 11:36:29 2016,Sat Dec 10 11:36:29 2016;estatico,index.html,Sat Dec 10 11:36:29 2016,Sat Dec 10 11:36:29 2016;
estatico,index.html,Sat Dec 10 11:36:28 2016,Sat Dec 10 11:36:29 2016;estatico,index.html,Sat Dec 10 11:36:29 2016,Sat Dec 10 11:36:29 2016;
estatico,index.html,Sat Dec 10 11:36:28 2016,Sat Dec 10 11:36:28 2016;estatico,index.html,Sat Dec 10 11:36:29 2016,Sat Dec 10 11:36:29 2016;estatico,index.html,Sat Dec 10 11:36:29 2016,Sat Dec 10 11:36:29 2016;estatico,index.html,Sat Dec 10 11:36:29 2016,Sat Dec 10 11:36:29 2016;
estatico,index.html,Sat Dec 10 11:36:28 2016,Sat Dec 10 11:36:28 2016;estatico,index.html,Sat Dec 10 11:36:29 2016,Sat Dec 10 11:36:29 2016;estatico,index.html,Sat Dec 10 11:36:29 2016,Sat Dec 10 11:36:29 2016;estatico,index.html,Sat Dec 10 11:36:29 2016,Sat Dec 10 11:36:29 2016;estatico,index.html,Sat Dec 10 11:36:29 2016,Sat Dec 10 11:36:29 2016;
estatico,index.html,Sat Dec 10 11:38:06 2016,Sat Dec 10 11:38:06 2016;
estatico,index.html,Sat Dec 10 11:38:06 2016,Sat Dec 10 11:38:06 2016;
estatico,index.html,Sat Dec 10 11:38:06 2016,Sat Dec 10 11:38:06 2016;
estatico,index.html,Sat Dec 10 11:38:06 2016,Sat Dec 10 11:38:06 2016;estatico,index.html,Sat Dec 10 11:38:06 2016,Sat Dec 10 11:38:06 2016;
estatico,index.html,Sat Dec 10 11:38:06 2016,Sat Dec 10 11:38:06 2016;
estatico,index.html,Sat Dec 10 11:38:06 2016,Sat Dec 10 11:38:06 2016;estatico,index.html,Sat Dec 10 11:38:06 2016,Sat Dec 10 11:38:06 2016;
estatico,index.html,Sat Dec 10 11:38:06 2016,Sat Dec 10 11:38:06 2016;
estatico,index.html,Sat Dec 10 11:38:06 2016,Sat Dec 10 11:38:06 2016;estatico,index.html,Sat Dec 10 11:38:06 2016,Sat Dec 10 11:38:06 2016;
estatico,index.html,Sat Dec 10 11:38:06 2016,Sat Dec 10 11:38:06 2016;estatico,index.html,Sat Dec 10 11:38:06 2016,Sat Dec 10 11:38:06 2016;
estatico,index.html,Sat Dec 10 11:38:06 2016,Sat Dec 10 11:38:06 2016;estatico,index.html,Sat Dec 10 11:38:06 2016,Sat Dec 10 11:38:06 2016;
estatico,index.html,Sat Dec 10 11:38:06 2016,Sat Dec 10 11:38:06 2016;estatico,index.html,Sat Dec 10 11:38:06 2016,Sat Dec 10 11:38:06 2016;estatico,index.html,Sat Dec 10 11:38:06 2016,Sat Dec 10 11:38:06 2016;
estatico,index.html,Sat Dec 10 11:38:06 2016,Sat Dec 10 11:38:06 2016;estatico,index.html,Sat Dec 10 11:38:06 2016,Sat Dec 10 11:38:06 2016;estatico,index.html,Sat Dec 10 11:38:06 2016,Sat Dec 10 11:38:06 2016;estatico,index.html,Sat Dec 10 11:38:06 2016,Sat Dec 10 11:38:06 2016;
estatico,index.html,Sat Dec 10 11:38:06 2016,Sat Dec 10 11:38:06 2016;estatico,index.html,Sat Dec 10 11:38:06 2016,Sat Dec 10 11:38:06 2016;estatico,index.html,Sat Dec 10 11:38:06 2016,Sat Dec 10 11:38:06 2016;
estatico,index.html,Sat Dec 10 11:39:32 2016,Sat Dec 10 11:39:32 2016;
estatico,index.html,Sat Dec 10 11:39:32 2016,Sat Dec 10 11:39:32 2016;
estatico,index.html,Sat Dec 10 11:39:32 2016,Sat Dec 10 11:39:32 2016;
estatico,index.html,Sat Dec 10 11:39:33 2016,Sat Dec 10 11:39:33 2016;
estatico,index.html,Sat Dec 10 11:39:33 2016,Sat Dec 10 11:39:33 2016;
estatico,index.html,Sat Dec 10 11:39:32 2016,Sat Dec 10 11:39:32 2016;estatico,index.html,Sat Dec 10 11:39:33 2016,Sat Dec 10 11:39:33 2016;
estatico,index.html,Sat Dec 10 11:39:33 2016,Sat Dec 10 11:39:33 2016;estatico,index.html,Sat Dec 10 11:39:33 2016,Sat Dec 10 11:39:33 2016;
estatico,index.html,Sat Dec 10 11:39:32 2016,Sat Dec 10 11:39:32 2016;estatico,index.html,Sat Dec 10 11:39:33 2016,Sat Dec 10 11:39:33 2016;
estatico,index.html,Sat Dec 10 11:39:32 2016,Sat Dec 10 11:39:32 2016;estatico,index.html,Sat Dec 10 11:39:33 2016,Sat Dec 10 11:39:33 2016;
estatico,index.html,Sat Dec 10 11:39:32 2016,Sat Dec 10 11:39:32 2016;estatico,index.html,Sat Dec 10 11:39:33 2016,Sat Dec 10 11:39:33 2016;estatico,index.html,Sat Dec 10 11:39:33 2016,Sat Dec 10 11:39:33 2016;
estatico,index.html,Sat Dec 10 11:39:33 2016,Sat Dec 10 11:39:33 2016;estatico,index.html,Sat Dec 10 11:39:33 2016,Sat Dec 10 11:39:33 2016;
estatico,index.html,Sat Dec 10 11:39:33 2016,Sat Dec 10 11:39:33 2016;estatico,index.html,Sat Dec 10 11:39:33 2016,Sat Dec 10 11:39:33 2016;estatico,index.html,Sat Dec 10 11:39:33 2016,Sat Dec 10 11:39:33 2016;
estatico,index.html,Sat Dec 10 11:39:32 2016,Sat Dec 10 11:39:32 2016;estatico,index.html,Sat Dec 10 11:39:33 2016,Sat Dec 10 11:39:33 2016;estatico,index.html,Sat Dec 10 11:39:33 2016,Sat Dec 10 11:39:33 2016;
estatico,index.html,Sat Dec 10 11:39:32 2016,Sat Dec 10 11:39:32 2016;estatico,index.html,Sat Dec 10 11:39:33 2016,Sat Dec 10 11:39:33 2016;estatico,index.html,Sat Dec 10 11:39:33 2016,Sat Dec 10 11:39:33 2016;
estatico,index.html,Sat Dec 10 11:39:32 2016,Sat Dec 10 11:39:32 2016;estatico,index.html,Sat Dec 10 11:39:33 2016,Sat Dec 10 11:39:33 2016;estatico,index.html,Sat Dec 10 11:39:33 2016,Sat Dec 10 11:39:33 2016;estatico,index.html,Sat Dec 10 11:39:33 2016,Sat Dec 10 11:39:33 2016;
estatico,index.html,Sat Dec 10 11:39:32 2016,Sat Dec 10 11:39:32 2016;estatico,index.html,Sat Dec 10 11:39:33 2016,Sat Dec 10 11:39:33 2016;estatico,index.html,Sat Dec 10 11:39:33 2016,Sat Dec 10 11:39:33 2016;estatico,index.html,Sat Dec 10 11:39:33 2016,Sat Dec 10 11:39:33 2016;
estatico,index.html,Sat Dec 10 11:39:33 2016,Sat Dec 10 11:39:33 2016;estatico,index.html,Sat Dec 10 11:39:33 2016,Sat Dec 10 11:39:33 2016;estatico,index.html,Sat Dec 10 11:39:33 2016,Sat Dec 10 11:39:33 2016;
estatico,index.html,Sat Dec 10 11:39:32 2016,Sat Dec 10 11:39:32 2016;estatico,index.html,Sat Dec 10 11:39:33 2016,Sat Dec 10 11:39:33 2016;estatico,index.html,Sat Dec 10 11:39:33 2016,Sat Dec 10 11:39:33 2016;estatico,index.html,Sat Dec 10 11:39:33 2016,Sat Dec 10 11:39:33 2016;
estatico,index.html,Sat Dec 10 11:39:33 2016,Sat Dec 10 11:39:33 2016;estatico,index.html,Sat Dec 10 11:39:33 2016,Sat Dec 10 11:39:33 2016;estatico,index.html,Sat Dec 10 11:39:33 2016,Sat Dec 10 11:39:33 2016;estatico,index.html,Sat Dec 10 11:39:33 2016,Sat Dec 10 11:39:33 2016;
estatico,index.html,Sat Dec 10 11:39:32 2016,Sat Dec 10 11:39:32 2016;estatico,index.html,Sat Dec 10 11:39:33 2016,Sat Dec 10 11:39:33 2016;estatico,index.html,Sat Dec 10 11:39:33 2016,Sat Dec 10 11:39:33 2016;estatico,index.html,Sat Dec 10 11:39:33 2016,Sat Dec 10 11:39:33 2016;estatico,index.html,Sat Dec 10 11:39:33 2016,Sat Dec 10 11:39:33 2016;
estatico,index.html,Sat Dec 10 11:39:33 2016,Sat Dec 10 11:39:33 2016;estatico,index.html,Sat Dec 10 11:39:33 2016,Sat Dec 10 11:39:33 2016;estatico,index.html,Sat Dec 10 11:39:33 2016,Sat Dec 10 11:39:33 2016;estatico,index.html,Sat Dec 10 11:39:33 2016,Sat Dec 10 11:39:33 2016;
estatico,index.html,Sat Dec 10 11:39:32 2016,Sat Dec 10 11:39:32 2016;estatico,index.html,Sat Dec 10 11:39:33 2016,Sat Dec 10 11:39:33 2016;estatico,index.html,Sat Dec 10 11:39:33 2016,Sat Dec 10 11:39:33 2016;estatico,index.html,Sat Dec 10 11:39:33 2016,Sat Dec 10 11:39:33 2016;estatico,index.html,Sat Dec 10 11:39:33 2016,Sat Dec 10 11:39:33 2016;
estatico,index.html,Sat Dec 10 11:39:32 2016,Sat Dec 10 11:39:32 2016;estatico,index.html,Sat Dec 10 11:39:33 2016,Sat Dec 10 11:39:33 2016;estatico,index.html,Sat Dec 10 11:39:33 2016,Sat Dec 10 11:39:33 2016;estatico,index.html,Sat Dec 10 11:39:33 2016,Sat Dec 10 11:39:33 2016;estatico,index.html,Sat Dec 10 11:39:33 2016,Sat Dec 10 11:39:33 2016;estatico,index.html,Sat Dec 10 11:39:33 2016,Sat Dec 10 11:39:33 2016;
estatico,index.html,Sat Dec 10 11:39:33 2016,Sat Dec 10 11:39:33 2016;estatico,index.html,Sat Dec 10 11:39:33 2016,Sat Dec 10 11:39:33 2016;estatico,index.html,Sat Dec 10 11:39:33 2016,Sat Dec 10 11:39:33 2016;estatico,index.html,Sat Dec 10 11:39:33 2016,Sat Dec 10 11:39:33 2016;estatico,index.html,Sat Dec 10 11:39:33 2016,Sat Dec 10 11:39:33 2016;
estatico,index.html,Sat Dec 10 11:39:32 2016,Sat Dec 10 11:39:32 2016;estatico,index.html,Sat Dec 10 11:39:33 2016,Sat Dec 10 11:39:33 2016;estatico,index.html,Sat Dec 10 11:39:33 2016,Sat Dec 10 11:39:33 2016;estatico,index.html,Sat Dec 10 11:39:33 2016,Sat Dec 10 11:39:33 2016;estatico,index.html,Sat Dec 10 11:39:33 2016,Sat Dec 10 11:39:33 2016;estatico,index.html,Sat Dec 10 11:39:33 2016,Sat Dec 10 11:39:33 2016;estatico,index.html,Sat Dec 10 11:39:33 2016,Sat Dec 10 11:39:33 2016;
estatico,index.html,Sat Dec 10 11:39:32 2016,Sat Dec 10 11:39:32 2016;estatico,index.html,Sat Dec 10 11:39:33 2016,Sat Dec 10 11:39:33 2016;estatico,index.html,Sat Dec 10 11:39:33 2016,Sat Dec 10 11:39:33 2016;estatico,index.html,Sat Dec 10 11:39:33 2016,Sat Dec 10 11:39:33 2016;estatico,index.html,Sat Dec 10 11:39:33 2016,Sat Dec 10 11:39:33 2016;estatico,index.html,Sat Dec 10 11:39:33 2016,Sat Dec 10 11:39:33 2016;
estatico,index.html,Sat Dec 10 11:39:33 2016,Sat Dec 10 11:39:33 2016;estatico,index.html,Sat Dec 10 11:39:33 2016,Sat Dec 10 11:39:33 2016;estatico,index.html,Sat Dec 10 11:39:33 2016,Sat Dec 10 11:39:33 2016;estatico,index.html,Sat Dec 10 11:39:33 2016,Sat Dec 10 11:39:33 2016;estatico,index.html,Sat Dec 10 11:39:33 2016,Sat Dec 10 11:39:33 2016;
